[debug] [2023-06-25T21:50:05.210Z] ----------------------------------------------------------------------
[debug] [2023-06-25T21:50:05.212Z] Command:       C:\Program Files\nodejs\node.exe C:\Users\HP\AppData\Roaming\npm\node_modules\firebase-tools\lib\bin\firebase.js init
[debug] [2023-06-25T21:50:05.212Z] CLI Version:   12.4.0
[debug] [2023-06-25T21:50:05.212Z] Platform:      win32
[debug] [2023-06-25T21:50:05.212Z] Node Version:  v16.16.0
[debug] [2023-06-25T21:50:05.213Z] Time:          Sun Jun 25 2023 22:50:05 GMT+0100 (West Africa Standard Time)
[debug] [2023-06-25T21:50:05.213Z] ----------------------------------------------------------------------
[debug] 
[debug] [2023-06-25T21:50:05.221Z] > command requires scopes: ["email","openid","https://www.googleapis.com/auth/cloudplatformprojects.readonly","https://www.googleapis.com/auth/firebase","https://www.googleapis.com/auth/cloud-platform"]
[debug] [2023-06-25T21:50:05.221Z] > authorizing via signed-in user (oyinbolaji05@gmail.com)
[info] 
     ######## #### ########  ######## ########     ###     ######  ########
     ##        ##  ##     ## ##       ##     ##  ##   ##  ##       ##
     ######    ##  ########  ######   ########  #########  ######  ######
     ##        ##  ##    ##  ##       ##     ## ##     ##       ## ##
     ##       #### ##     ## ######## ########  ##     ##  ######  ########

You're about to initialize a Firebase project in this directory:

  C:\Users\HP\Desktop\capstone\carefinder

[info] 
=== Project Setup
[info] 
[info] First, let's associate this project directory with a Firebase project.
[info] You can create multiple project aliases by running firebase use --add, 
[info] but for now we'll just set up a default project.
[info] 
[debug] [2023-06-25T21:53:04.022Z] > refreshing access token with scopes: []
[debug] [2023-06-25T21:53:04.029Z] >>> [apiv2][query] POST https://www.googleapis.com/oauth2/v3/token [none]
[debug] [2023-06-25T21:53:04.030Z] >>> [apiv2][body] POST https://www.googleapis.com/oauth2/v3/token [omitted]
[debug] [2023-06-25T21:53:05.308Z] <<< [apiv2][status] POST https://www.googleapis.com/oauth2/v3/token 200
[debug] [2023-06-25T21:53:05.308Z] <<< [apiv2][body] POST https://www.googleapis.com/oauth2/v3/token [omitted]
[debug] [2023-06-25T21:53:05.383Z] >>> [apiv2][query] GET https://firebase.googleapis.com/v1beta1/projects pageSize=100
[debug] [2023-06-25T21:53:06.922Z] <<< [apiv2][status] GET https://firebase.googleapis.com/v1beta1/projects 200
[debug] [2023-06-25T21:53:06.922Z] <<< [apiv2][body] GET https://firebase.googleapis.com/v1beta1/projects [omitted]
[info] i  Using project fir-care-finder (firebase-care-finder) 
[info] 
=== Hosting Setup
[info] 
[info] Your public directory is the folder (relative to your project directory) that
[info] will contain Hosting assets to be uploaded with firebase deploy. If you
[info] have a build process for your assets, use your build's output directory.
[info] 
[debug] [2023-06-25T21:53:39.952Z] >>> [apiv2][query] GET https://www.gstatic.com/firebasejs/releases.json [none]
[debug] [2023-06-25T21:53:57.101Z] <<< [apiv2][status] GET https://www.gstatic.com/firebasejs/releases.json 200
[debug] [2023-06-25T21:53:57.101Z] <<< [apiv2][body] GET https://www.gstatic.com/firebasejs/releases.json {"current":{"version":"9.23.0","browserURL":"https://www.gstatic.com/firebasejs/9.23.0/firebase.js","packageURL":"https://www.gstatic.com/firebasejs/9.23.0/firebase.tgz"},"live":{"version":"9.23","browserURL":"https://www.gstatic.com/firebasejs/live/9.23/firebase.js","packageURL":"https://www.gstatic.com/firebasejs/live/9.23/firebase.tgz"},"components":{"analytics":"https://www.gstatic.com/firebasejs/9.23.0/firebase-analytics.js","app":"https://www.gstatic.com/firebasejs/9.23.0/firebase-app.js","app-check":"https://www.gstatic.com/firebasejs/9.23.0/firebase-app-check.js","auth":"https://www.gstatic.com/firebasejs/9.23.0/firebase-auth.js","auth/cordova":"https://www.gstatic.com/firebasejs/9.23.0/firebase-auth/cordova.js","auth/react-native":"https://www.gstatic.com/firebasejs/9.23.0/firebase-auth/react-native.js","functions":"https://www.gstatic.com/firebasejs/9.23.0/firebase-functions.js","firestore":"https://www.gstatic.com/firebasejs/9.23.0/firebase-firestore.js","firestore/lite":"https://www.gstatic.com/firebasejs/9.23.0/firebase-firestore/lite.js","installations":"https://www.gstatic.com/firebasejs/9.23.0/firebase-installations.js","storage":"https://www.gstatic.com/firebasejs/9.23.0/firebase-storage.js","performance":"https://www.gstatic.com/firebasejs/9.23.0/firebase-performance.js","remote-config":"https://www.gstatic.com/firebasejs/9.23.0/firebase-remote-config.js","messaging":"https://www.gstatic.com/firebasejs/9.23.0/firebase-messaging.js","messaging/sw":"https://www.gstatic.com/firebasejs/9.23.0/firebase-messaging/sw.js","database":"https://www.gstatic.com/firebasejs/9.23.0/firebase-database.js","firestore.memory":"https://www.gstatic.com/firebasejs/9.23.0/firebase-firestore.memory.js"}}
[info] +  Wrote public/index.html 
[info] 
[info] i  Detected a .git folder at C:\Users\HP 
[info] i  Authorizing with GitHub to upload your service account to a GitHub repository's secrets store. 
[info] 
[info] Visit this URL on this device to log in:
[info] https://github.com/login/oauth/authorize?client_id=89cf50f02ac6aaed3484&state=894749692&redirect_uri=http%3A%2F%2Flocalhost%3A9005&scope=read%3Auser%20repo%20public_repo
[info] 
[info] Waiting for authentication...
[debug] [2023-06-25T21:57:13.583Z] >>> [apiv2][query] POST https://github.com/login/oauth/access_token [none]
[debug] [2023-06-25T21:57:13.583Z] >>> [apiv2][body] POST https://github.com/login/oauth/access_token [stream]
[debug] [2023-06-25T21:57:14.371Z] <<< [apiv2][status] POST https://github.com/login/oauth/access_token 200
[debug] [2023-06-25T21:57:14.372Z] <<< [apiv2][body] POST https://github.com/login/oauth/access_token {"access_token":"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","token_type":"bearer","scope":"read:user,repo"}
[debug] [2023-06-25T21:57:14.388Z] >>> [apiv2][query] GET https://api.github.com/user [none]
[debug] [2023-06-25T21:57:16.276Z] <<< [apiv2][status] GET https://api.github.com/user 200
[debug] [2023-06-25T21:57:16.277Z] <<< [apiv2][body] GET https://api.github.com/user {"login":"oyin-systems","id":78956440,"node_id":"MDQ6VXNlcjc4OTU2NDQw","avatar_url":"https://avatars.githubusercontent.com/u/78956440?v=4","gravatar_id":"","url":"https://api.github.com/users/oyin-systems","html_url":"https://github.com/oyin-systems","followers_url":"https://api.github.com/users/oyin-systems/followers","following_url":"https://api.github.com/users/oyin-systems/following{/other_user}","gists_url":"https://api.github.com/users/oyin-systems/gists{/gist_id}","starred_url":"https://api.github.com/users/oyin-systems/starred{/owner}{/repo}","subscriptions_url":"https://api.github.com/users/oyin-systems/subscriptions","organizations_url":"https://api.github.com/users/oyin-systems/orgs","repos_url":"https://api.github.com/users/oyin-systems/repos","events_url":"https://api.github.com/users/oyin-systems/events{/privacy}","received_events_url":"https://api.github.com/users/oyin-systems/received_events","type":"User","site_admin":false,"name":"Oyindamola Abolaji","company":null,"blog":"","location":null,"email":null,"hireable":null,"bio":null,"twitter_username":null,"public_repos":26,"public_gists":0,"followers":1,"following":1,"created_at":"2021-02-12T09:49:28Z","updated_at":"2023-06-19T12:13:18Z","private_gists":0,"total_private_repos":0,"owned_private_repos":0,"disk_usage":8442,"collaborators":0,"two_factor_authentication":false,"plan":{"name":"pro","space":976562499,"collaborators":0,"private_repos":9999}}
[info] 
[info] +  Success! Logged into GitHub as oyin-systems 
[info] 
[debug] [2023-06-25T21:57:33.142Z] >>> [apiv2][query] GET https://api.github.com/repos//actions/secrets/public-key type=owner
[debug] [2023-06-25T21:57:34.175Z] <<< [apiv2][status] GET https://api.github.com/repos//actions/secrets/public-key 404
[debug] [2023-06-25T21:57:34.175Z] <<< [apiv2][body] GET https://api.github.com/repos//actions/secrets/public-key {"message":"Not Found","documentation_url":"https://docs.github.com/rest"}
[info] 
[info] 
[error] !  The provided authorization cannot be used with this repository. If this repository is in an organization, did you remember to grant access? 
[info] 
[info] i  Action required: Visit this URL to ensure access has been granted to the appropriate organization(s) for the Firebase CLI GitHub OAuth App: 
[info] https://github.com/settings/connections/applications/89cf50f02ac6aaed3484
[info] 
